{
  "RSpec": {
    "coverage": {
      "/Users/rubenespinosaroldan/Documents/Projects/SENA/Semana_7/tienda/app/decorators/decorator/base.rb": [
        1,
        1,
        null,
        1,
        12,
        12,
        null,
        null,
        1,
        7,
        null,
        null,
        1,
        3,
        null,
        null,
        1,
        1,
        null,
        null,
        1,
        null,
        1,
        12,
        null,
        null,
        1,
        2,
        1,
        null,
        1,
        null,
        null,
        null,
        null,
        null
      ],
      "/Users/rubenespinosaroldan/Documents/Projects/SENA/Semana_7/tienda/app/decorators/user_decorator.rb": [
        1,
        null,
        1,
        1,
        null,
        null,
        1,
        5,
        null,
        null,
        1,
        4,
        null,
        null
      ],
      "/Users/rubenespinosaroldan/Documents/Projects/SENA/Semana_7/tienda/app/models/user.rb": [
        1,
        1,
        null,
        1,
        null,
        1,
        null,
        1,
        3,
        3,
        null,
        null,
        null,
        null
      ]
    },
    "timestamp": 1441490315
  }
}
